<?xml version="1.0" encoding="UTF-8"?>
<!-- Generated by org.testng.reporters.JUnitReportReporter -->
<testsuite hostname="Sivanesh" failures="0" tests="2" name="runner.test_runner" time="41.811" errors="0" timestamp="7 Nov 2022 05:11:35 GMT">
  <testcase classname="runner.test_runner" name="runScenario" time="17.889"/>
  <testcase classname="runner.test_runner" name="runScenario" time="23.922"/>
</testsuite> <!-- runner.test_runner -->
