<?xml version="1.0" encoding="UTF-8"?>
<!-- Generated by org.testng.reporters.JUnitReportReporter -->
<testsuite hostname="Sivanesh" failures="0" tests="1" name="runner.test_runner" time="28.738" errors="0" timestamp="4 Nov 2022 11:17:54 GMT">
  <testcase classname="runner.test_runner" name="runScenario" time="28.738"/>
</testsuite> <!-- runner.test_runner -->
